{
  "RSpec": {
    "coverage": {
      "/Users/macintosh/Desktop/Projects/week_challenges/oystercard/spec/journey_spec.rb": [
        1,
        null,
        1,
        null,
        1,
        1,
        1,
        0,
        0,
        null,
        null,
        null,
        10,
        7,
        4,
        2,
        null,
        1,
        null,
        1,
        1,
        1,
        null,
        null,
        null,
        null,
        1,
        null,
        1,
        1,
        1,
        null,
        null,
        null,
        1,
        1,
        1,
        1,
        1,
        null,
        null,
        1,
        1,
        1,
        1,
        null,
        null,
        1,
        1,
        1,
        1,
        1,
        null,
        null,
        1,
        1,
        1,
        null,
        null,
        null,
        1,
        1,
        1,
        1,
        1,
        null,
        null,
        1,
        1,
        1,
        1,
        null,
        null,
        1,
        1,
        1,
        1,
        null,
        null,
        1,
        1,
        1,
        1,
        null,
        null,
        1,
        1,
        1,
        1,
        null,
        null,
        1,
        1,
        1,
        1,
        null,
        null,
        null,
        null,
        null
      ],
      "/Users/macintosh/Desktop/Projects/week_challenges/oystercard/lib/journey.rb": [
        1,
        null,
        1,
        1,
        null,
        1,
        19,
        19,
        19,
        19,
        null,
        null,
        1,
        14,
        14,
        null,
        null,
        1,
        12,
        12,
        12,
        null,
        null,
        1,
        11,
        null,
        null,
        1,
        null,
        1,
        12,
        10,
        null,
        7,
        7,
        null,
        null,
        2,
        2,
        null,
        1,
        null,
        null,
        null,
        1,
        9,
        null,
        null,
        1,
        12,
        12,
        12,
        null,
        null,
        1,
        0,
        null,
        null,
        1,
        26,
        null,
        null,
        null
      ],
      "/Users/macintosh/Desktop/Projects/week_challenges/oystercard/lib/station.rb": [
        1,
        1,
        null,
        1,
        2,
        2,
        null,
        null,
        null
      ],
      "/Users/macintosh/Desktop/Projects/week_challenges/oystercard/spec/journeylog_spec.rb": [
        1,
        null,
        1,
        null,
        1,
        null,
        1,
        1,
        1,
        null,
        null,
        null,
        1,
        null,
        1,
        1,
        1,
        null,
        null,
        null,
        1,
        null,
        1,
        1,
        1,
        1,
        null,
        null,
        1,
        1,
        1,
        1,
        null,
        null,
        null,
        null,
        null
      ],
      "/Users/macintosh/Desktop/Projects/week_challenges/oystercard/lib/JourneyLog.rb": [
        1,
        null,
        1,
        null,
        1,
        23,
        23,
        23,
        null,
        null,
        1,
        18,
        null,
        null,
        1,
        15,
        15,
        null,
        null,
        1,
        null,
        1,
        15,
        15,
        15,
        null,
        null,
        1,
        15,
        null,
        null,
        null
      ],
      "/Users/macintosh/Desktop/Projects/week_challenges/oystercard/spec/oystercard_spec.rb": [
        null,
        1,
        null,
        1,
        1,
        1,
        1,
        23,
        23,
        null,
        null,
        null,
        4,
        2,
        null,
        1,
        1,
        1,
        null,
        null,
        null,
        1,
        1,
        4,
        null,
        null,
        2,
        null,
        1,
        1,
        2,
        null,
        null,
        null,
        1,
        null,
        1,
        2,
        null,
        null,
        1,
        1,
        1,
        null,
        null,
        null,
        null,
        1,
        1,
        1,
        1,
        null,
        null,
        1,
        1,
        4,
        null,
        null,
        null,
        null,
        null,
        null
      ],
      "/Users/macintosh/Desktop/Projects/week_challenges/oystercard/lib/oystercard.rb": [
        1,
        null,
        1,
        null,
        1,
        null,
        1,
        1,
        1,
        null,
        1,
        7,
        7,
        null,
        null,
        1,
        4,
        3,
        null,
        null,
        1,
        3,
        2,
        null,
        null,
        1,
        1,
        1,
        null,
        null,
        1,
        null,
        1,
        4,
        null,
        null,
        1,
        3,
        null,
        null,
        1,
        1,
        null,
        null,
        null
      ],
      "/Users/macintosh/Desktop/Projects/week_challenges/oystercard/spec/station_spec.rb": [
        1,
        null,
        1,
        1,
        1,
        1,
        null,
        1,
        1,
        1,
        null,
        null
      ]
    },
    "timestamp": 1509619015
  }
}
